<?xml version="1.0" encoding="UTF-8"?>
<!-- Generated by org.testng.reporters.JUnitReportReporter -->
<testsuite hostname="DESKTOP-NVBV6LU" failures="0" tests="1" name="testScript.GmailUtilityTest" time="97.475" errors="0" timestamp="2022-12-15T15:19:51 IST" skipped="0">
  <testcase classname="testScript.GmailUtilityTest" name="gmailLogin" time="97.475"/>
  <system-out/>
</testsuite> <!-- testScript.GmailUtilityTest -->
