<?xml version="1.0" encoding="UTF-8"?>
<!-- Generated by org.testng.reporters.JUnitReportReporter -->
<testsuite hostname="DESKTOP-NVBV6LU" failures="0" tests="1" name="testScript.mmtSearchFlight_test" time="17.304" errors="0" timestamp="2022-12-15T13:27:23 IST" skipped="0">
  <testcase classname="testScript.mmtSearchFlight_test" name="searcghFlight" time="17.304"/>
  <system-out/>
</testsuite> <!-- testScript.mmtSearchFlight_test -->
